# JRE version: Java(TM) SE Runtime Environment (8.0_271-b09) (build 1.8.0_271-b09)
# Java VM: Java HotSpot(TM) 64-Bit Server VM (25.271-b09 mixed mode windows-amd64 compressed oops)
Heap:
 PSYoungGen      total 51712K, used 29828K [0x00000000eb180000, 0x00000000efc00000, 0x0000000100000000)
  eden space 36352K, 68% used [0x00000000eb180000,0x00000000ec9d6cb8,0x00000000ed500000)
  from space 15360K, 31% used [0x00000000ed500000,0x00000000ed9ca5a8,0x00000000ee400000)
  to   space 14336K, 0% used [0x00000000eee00000,0x00000000eee00000,0x00000000efc00000)
 ParOldGen       total 58880K, used 43748K [0x00000000c1400000, 0x00000000c4d80000, 0x00000000eb180000)
  object space 58880K, 74% used [0x00000000c1400000,0x00000000c3eb9378,0x00000000c4d80000)
 Metaspace       used 50159K, capacity 52832K, committed 53120K, reserved 1095680K
  class space    used 6906K, capacity 7475K, committed 7552K, reserved 1048576K
GC Heap History (10 events):
Event: 68.465 GC heap before
{Heap before GC invocations=22 (full 3):
 PSYoungGen      total 36864K, used 2833K [0x00000000eb180000, 0x00000000eec80000, 0x0000000100000000)
  eden space 20480K, 0% used [0x00000000eb180000,0x00000000eb180000,0x00000000ec580000)
  from space 16384K, 17% used [0x00000000ec580000,0x00000000ec844738,0x00000000ed580000)
  to   space 16384K, 0% used [0x00000000edc80000,0x00000000edc80000,0x00000000eec80000)
 ParOldGen       total 32768K, used 32473K [0x00000000c1400000, 0x00000000c3400000, 0x00000000eb180000)
  object space 32768K, 99% used [0x00000000c1400000,0x00000000c33b6610,0x00000000c3400000)
 Metaspace       used 49389K, capacity 52054K, committed 52352K, reserved 1093632K
  class space    used 6881K, capacity 7462K, committed 7552K, reserved 1048576K
Event: 68.925 GC heap after
Heap after GC invocations=22 (full 3):
 PSYoungGen      total 36864K, used 2159K [0x00000000eb180000, 0x00000000eec80000, 0x0000000100000000)
  eden space 20480K, 0% used [0x00000000eb180000,0x00000000eb180000,0x00000000ec580000)
  from space 16384K, 13% used [0x00000000ec580000,0x00000000ec79bfd0,0x00000000ed580000)
  to   space 16384K, 0% used [0x00000000edc80000,0x00000000edc80000,0x00000000eec80000)
 ParOldGen       total 58880K, used 32397K [0x00000000c1400000, 0x00000000c4d80000, 0x00000000eb180000)
  object space 58880K, 55% used [0x00000000c1400000,0x00000000c33a3500,0x00000000c4d80000)
 Metaspace       used 49386K, capacity 52050K, committed 52352K, reserved 1093632K
  class space    used 6880K, capacity 7460K, committed 7552K, reserved 1048576K
}
Event: 69.235 GC heap before
{Heap before GC invocations=23 (full 3):
 PSYoungGen      total 36864K, used 22639K [0x00000000eb180000, 0x00000000eec80000, 0x0000000100000000)
  eden space 20480K, 100% used [0x00000000eb180000,0x00000000ec580000,0x00000000ec580000)
  from space 16384K, 13% used [0x00000000ec580000,0x00000000ec79bfd0,0x00000000ed580000)
  to   space 16384K, 0% used [0x00000000edc80000,0x00000000edc80000,0x00000000eec80000)
 ParOldGen       total 58880K, used 32397K [0x00000000c1400000, 0x00000000c4d80000, 0x00000000eb180000)
  object space 58880K, 55% used [0x00000000c1400000,0x00000000c33a3500,0x00000000c4d80000)
 Metaspace       used 49496K, capacity 52184K, committed 52352K, reserved 1093632K
  class space    used 6886K, capacity 7461K, committed 7552K, reserved 1048576K
Event: 69.249 GC heap after
Heap after GC invocations=23 (full 3):
 PSYoungGen      total 43008K, used 1248K [0x00000000eb180000, 0x00000000eec00000, 0x0000000100000000)
  eden space 27136K, 0% used [0x00000000eb180000,0x00000000eb180000,0x00000000ecc00000)
  from space 15872K, 7% used [0x00000000edc80000,0x00000000eddb8020,0x00000000eec00000)
  to   space 16384K, 0% used [0x00000000ecc00000,0x00000000ecc00000,0x00000000edc00000)
 ParOldGen       total 58880K, used 34551K [0x00000000c1400000, 0x00000000c4d80000, 0x00000000eb180000)
  object space 58880K, 58% used [0x00000000c1400000,0x00000000c35bdf68,0x00000000c4d80000)
 Metaspace       used 49496K, capacity 52184K, committed 52352K, reserved 1093632K
  class space    used 6886K, capacity 7461K, committed 7552K, reserved 1048576K
}
Event: 69.474 GC heap before
{Heap before GC invocations=24 (full 3):
 PSYoungGen      total 43008K, used 28384K [0x00000000eb180000, 0x00000000eec00000, 0x0000000100000000)
  eden space 27136K, 100% used [0x00000000eb180000,0x00000000ecc00000,0x00000000ecc00000)
  from space 15872K, 7% used [0x00000000edc80000,0x00000000eddb8020,0x00000000eec00000)
  to   space 16384K, 0% used [0x00000000ecc00000,0x00000000ecc00000,0x00000000edc00000)
 ParOldGen       total 58880K, used 34551K [0x00000000c1400000, 0x00000000c4d80000, 0x00000000eb180000)
  object space 58880K, 58% used [0x00000000c1400000,0x00000000c35bdf68,0x00000000c4d80000)
 Metaspace       used 49560K, capacity 52190K, committed 52352K, reserved 1093632K
  class space    used 6889K, capacity 7462K, committed 7552K, reserved 1048576K
Event: 69.488 GC heap after
Heap after GC invocations=24 (full 3):
 PSYoungGen      total 43520K, used 3981K [0x00000000eb180000, 0x00000000ef480000, 0x0000000100000000)
  eden space 27136K, 0% used [0x00000000eb180000,0x00000000eb180000,0x00000000ecc00000)
  from space 16384K, 24% used [0x00000000ecc00000,0x00000000ecfe37f0,0x00000000edc00000)
  to   space 15872K, 0% used [0x00000000ee500000,0x00000000ee500000,0x00000000ef480000)
 ParOldGen       total 58880K, used 35484K [0x00000000c1400000, 0x00000000c4d80000, 0x00000000eb180000)
  object space 58880K, 60% used [0x00000000c1400000,0x00000000c36a7028,0x00000000c4d80000)
 Metaspace       used 49560K, capacity 52190K, committed 52352K, reserved 1093632K
  class space    used 6889K, capacity 7462K, committed 7552K, reserved 1048576K
}
Event: 71.306 GC heap before
{Heap before GC invocations=25 (full 3):
 PSYoungGen      total 43520K, used 31117K [0x00000000eb180000, 0x00000000ef480000, 0x0000000100000000)
  eden space 27136K, 100% used [0x00000000eb180000,0x00000000ecc00000,0x00000000ecc00000)
  from space 16384K, 24% used [0x00000000ecc00000,0x00000000ecfe37f0,0x00000000edc00000)
  to   space 15872K, 0% used [0x00000000ee500000,0x00000000ee500000,0x00000000ef480000)
 ParOldGen       total 58880K, used 35484K [0x00000000c1400000, 0x00000000c4d80000, 0x00000000eb180000)
  object space 58880K, 60% used [0x00000000c1400000,0x00000000c36a7028,0x00000000c4d80000)
 Metaspace       used 49654K, capacity 52324K, committed 52608K, reserved 1093632K
  class space    used 6890K, capacity 7463K, committed 7552K, reserved 1048576K
Event: 71.313 GC heap after
Heap after GC invocations=25 (full 3):
 PSYoungGen      total 50688K, used 4838K [0x00000000eb180000, 0x00000000ef300000, 0x0000000100000000)
  eden space 36352K, 0% used [0x00000000eb180000,0x00000000eb180000,0x00000000ed500000)
  from space 14336K, 33% used [0x00000000ee500000,0x00000000ee9b9860,0x00000000ef300000)
  to   space 15360K, 0% used [0x00000000ed500000,0x00000000ed500000,0x00000000ee400000)
 ParOldGen       total 58880K, used 39134K [0x00000000c1400000, 0x00000000c4d80000, 0x00000000eb180000)
  object space 58880K, 66% used [0x00000000c1400000,0x00000000c3a37968,0x00000000c4d80000)
 Metaspace       used 49654K, capacity 52324K, committed 52608K, reserved 1093632K
  class space    used 6890K, capacity 7463K, committed 7552K, reserved 1048576K
}
Event: 102.755 GC heap before
{Heap before GC invocations=26 (full 3):
 PSYoungGen      total 50688K, used 41190K [0x00000000eb180000, 0x00000000ef300000, 0x0000000100000000)
  eden space 36352K, 100% used [0x00000000eb180000,0x00000000ed500000,0x00000000ed500000)
  from space 14336K, 33% used [0x00000000ee500000,0x00000000ee9b9860,0x00000000ef300000)
  to   space 15360K, 0% used [0x00000000ed500000,0x00000000ed500000,0x00000000ee400000)
 ParOldGen       total 58880K, used 39134K [0x00000000c1400000, 0x00000000c4d80000, 0x00000000eb180000)
  object space 58880K, 66% used [0x00000000c1400000,0x00000000c3a37968,0x00000000c4d80000)
 Metaspace       used 49987K, capacity 52672K, committed 52864K, reserved 1095680K
  class space    used 6902K, capacity 7471K, committed 7552K, reserved 1048576K
Event: 102.764 GC heap after
Heap after GC invocations=26 (full 3):
 PSYoungGen      total 51712K, used 4905K [0x00000000eb180000, 0x00000000efc00000, 0x0000000100000000)
  eden space 36352K, 0% used [0x00000000eb180000,0x00000000eb180000,0x00000000ed500000)
  from space 15360K, 31% used [0x00000000ed500000,0x00000000ed9ca5a8,0x00000000ee400000)
  to   space 14336K, 0% used [0x00000000eee00000,0x00000000eee00000,0x00000000efc00000)
 ParOldGen       total 58880K, used 43748K [0x00000000c1400000, 0x00000000c4d80000, 0x00000000eb180000)
  object space 58880K, 74% used [0x00000000c1400000,0x00000000c3eb9378,0x00000000c4d80000)
 Metaspace       used 49987K, capacity 52672K, committed 52864K, reserved 1095680K
  class space    used 6902K, capacity 7471K, committed 7552K, reserved 1048576K
}

